<?xml version="1.0" encoding="UTF-8"?>
<!-- Generated by org.testng.reporters.JUnitXMLReporter -->
<testsuite ignored="0" hostname="LAPTOP-IQ6C4OPO" failures="0" tests="4" name="Default test" time="62.484" errors="0" timestamp="2022-06-10T20:51:17 IST">
  <testcase classname="assignments.DataProviderAnnotation" name="login" time="8.561"/>
  <testcase classname="assignments.DataProviderAnnotation" name="login" time="7.872"/>
  <testcase classname="assignments.DataProviderAnnotation" name="login" time="7.812"/>
  <testcase classname="assignments.DataProviderAnnotation" name="login" time="14.949"/>
</testsuite> <!-- Default test -->
