<?xml version="1.0" encoding="UTF-8"?>
<!-- Generated by org.testng.reporters.JUnitXMLReporter -->
<testsuite ignored="2" hostname="LAPTOP-IQ6C4OPO" failures="0" tests="2" name="Test" time="0.042" errors="0" timestamp="2022-06-08T20:38:46 IST">
  <testcase classname="testngpack.GroupsExecutionInParallel" name="browser1" time="0.008"/>
  <testcase classname="testngpack.GroupsExecutionInParallel" name="browser3" time="0.001"/>
  <testcase classname="testngpack.GroupsExecutionInParallel" name="browser4" time="0.0">
    <ignored/>
  </testcase> <!-- browser4 -->
  <testcase classname="testngpack.GroupsExecutionInParallel" name="browser2" time="0.0">
    <ignored/>
  </testcase> <!-- browser2 -->
</testsuite> <!-- Test -->
