<?xml version="1.0" encoding="UTF-8"?>
<testng-results ignored="0" total="4" passed="4" failed="0" skipped="0">
  <reporter-output>
  </reporter-output>
  <suite started-at="2022-06-10T20:50:14 IST" name="Default suite" finished-at="2022-06-10T20:51:17 IST" duration-ms="62484">
    <groups>
    </groups>
    <test started-at="2022-06-10T20:50:14 IST" name="Default test" finished-at="2022-06-10T20:51:17 IST" duration-ms="62484">
      <class name="assignments.DataProviderAnnotation">
        <test-method is-config="true" signature="setup()[pri:0, instance:assignments.DataProviderAnnotation@cad498c]" started-at="2022-06-10T20:50:14 IST" name="setup" finished-at="2022-06-10T20:50:21 IST" duration-ms="6993" status="PASS">
          <reporter-output>
          </reporter-output>
        </test-method> <!-- setup -->
        <test-method signature="login(java.lang.String,java.lang.String)[pri:0, instance:assignments.DataProviderAnnotation@cad498c]" started-at="2022-06-10T20:50:21 IST" name="login" data-provider="orangehrmlogin" finished-at="2022-06-10T20:50:30 IST" duration-ms="8561" status="PASS">
          <params>
            <param index="0">
              <value>
                <![CDATA[Admin]]>
              </value>
            </param>
            <param index="1">
              <value>
                <![CDATA[admin1234]]>
              </value>
            </param>
          </params>
          <reporter-output>
          </reporter-output>
        </test-method> <!-- login -->
        <test-method is-config="true" signature="tearDown()[pri:0, instance:assignments.DataProviderAnnotation@cad498c]" started-at="2022-06-10T20:50:30 IST" name="tearDown" finished-at="2022-06-10T20:50:30 IST" duration-ms="183" status="PASS">
          <reporter-output>
          </reporter-output>
        </test-method> <!-- tearDown -->
        <test-method is-config="true" signature="setup()[pri:0, instance:assignments.DataProviderAnnotation@cad498c]" started-at="2022-06-10T20:50:30 IST" name="setup" finished-at="2022-06-10T20:50:35 IST" duration-ms="5010" status="PASS">
          <reporter-output>
          </reporter-output>
        </test-method> <!-- setup -->
        <test-method signature="login(java.lang.String,java.lang.String)[pri:0, instance:assignments.DataProviderAnnotation@cad498c]" started-at="2022-06-10T20:50:35 IST" name="login" data-provider="orangehrmlogin" finished-at="2022-06-10T20:50:43 IST" duration-ms="7872" status="PASS">
          <params>
            <param index="0">
              <value>
                <![CDATA[Ad min]]>
              </value>
            </param>
            <param index="1">
              <value>
                <![CDATA[admi n1234]]>
              </value>
            </param>
          </params>
          <reporter-output>
          </reporter-output>
        </test-method> <!-- login -->
        <test-method is-config="true" signature="tearDown()[pri:0, instance:assignments.DataProviderAnnotation@cad498c]" started-at="2022-06-10T20:50:43 IST" name="tearDown" finished-at="2022-06-10T20:50:43 IST" duration-ms="185" status="PASS">
          <reporter-output>
          </reporter-output>
        </test-method> <!-- tearDown -->
        <test-method is-config="true" signature="setup()[pri:0, instance:assignments.DataProviderAnnotation@cad498c]" started-at="2022-06-10T20:50:43 IST" name="setup" finished-at="2022-06-10T20:50:48 IST" duration-ms="5191" status="PASS">
          <reporter-output>
          </reporter-output>
        </test-method> <!-- setup -->
        <test-method signature="login(java.lang.String,java.lang.String)[pri:0, instance:assignments.DataProviderAnnotation@cad498c]" started-at="2022-06-10T20:50:48 IST" name="login" data-provider="orangehrmlogin" finished-at="2022-06-10T20:50:56 IST" duration-ms="7812" status="PASS">
          <params>
            <param index="0">
              <value>
                <![CDATA[Admin$]]>
              </value>
            </param>
            <param index="1">
              <value>
                <![CDATA[admin$1234]]>
              </value>
            </param>
          </params>
          <reporter-output>
          </reporter-output>
        </test-method> <!-- login -->
        <test-method is-config="true" signature="tearDown()[pri:0, instance:assignments.DataProviderAnnotation@cad498c]" started-at="2022-06-10T20:50:56 IST" name="tearDown" finished-at="2022-06-10T20:50:56 IST" duration-ms="185" status="PASS">
          <reporter-output>
          </reporter-output>
        </test-method> <!-- tearDown -->
        <test-method is-config="true" signature="setup()[pri:0, instance:assignments.DataProviderAnnotation@cad498c]" started-at="2022-06-10T20:50:56 IST" name="setup" finished-at="2022-06-10T20:51:02 IST" duration-ms="5319" status="PASS">
          <reporter-output>
          </reporter-output>
        </test-method> <!-- setup -->
        <test-method signature="login(java.lang.String,java.lang.String)[pri:0, instance:assignments.DataProviderAnnotation@cad498c]" started-at="2022-06-10T20:51:02 IST" name="login" data-provider="orangehrmlogin" finished-at="2022-06-10T20:51:17 IST" duration-ms="14949" status="PASS">
          <params>
            <param index="0">
              <value>
                <![CDATA[Admin]]>
              </value>
            </param>
            <param index="1">
              <value>
                <![CDATA[admin123]]>
              </value>
            </param>
          </params>
          <reporter-output>
          </reporter-output>
        </test-method> <!-- login -->
        <test-method is-config="true" signature="tearDown()[pri:0, instance:assignments.DataProviderAnnotation@cad498c]" started-at="2022-06-10T20:51:17 IST" name="tearDown" finished-at="2022-06-10T20:51:17 IST" duration-ms="183" status="PASS">
          <reporter-output>
          </reporter-output>
        </test-method> <!-- tearDown -->
      </class> <!-- assignments.DataProviderAnnotation -->
    </test> <!-- Default test -->
  </suite> <!-- Default suite -->
</testng-results>
